10 Dec 01:39:55 CONFIG [geoserver.logging] - Log4j 2 configuration set to DEFAULT_LOGGING.xml
10 Dec 01:40:22 CONFIG [org.geoserver] - GeoServer configuration lock is enabled
10 Dec 01:40:23 CONFIG [org.geoserver] - Loading catalog /opt/geoserver_data
10 Dec 01:40:24 CONFIG [org.geoserver] - Loaded style 'dem'
10 Dec 01:40:24 CONFIG [org.geoserver] - Loaded style 'capitals'
10 Dec 01:40:24 CONFIG [org.geoserver] - Loaded style 'cite_lakes'
10 Dec 01:40:24 CONFIG [org.geoserver] - Loaded style 'burg'
10 Dec 01:40:24 CONFIG [org.geoserver] - Loaded style 'grass'
10 Dec 01:40:24 CONFIG [org.geoserver] - Loaded style 'green'
10 Dec 01:40:24 CONFIG [org.geoserver] - Loaded style 'generic'
10 Dec 01:40:24 CONFIG [org.geoserver] - Loaded style 'giant_polygon'
10 Dec 01:40:24 CONFIG [org.geoserver] - Loaded style 'line'
10 Dec 01:40:24 CONFIG [org.geoserver] - Loaded style 'polygon'
10 Dec 01:40:24 CONFIG [org.geoserver] - Loaded style 'poi'
10 Dec 01:40:24 CONFIG [org.geoserver] - Loaded style 'point'
10 Dec 01:40:24 CONFIG [org.geoserver] - Loaded style 'population'
10 Dec 01:40:24 CONFIG [org.geoserver] - Loaded style 'pophatch'
10 Dec 01:40:24 CONFIG [org.geoserver] - Loaded style 'poly_landmarks'
10 Dec 01:40:24 CONFIG [org.geoserver] - Loaded style 'rain'
10 Dec 01:40:24 CONFIG [org.geoserver] - Loaded style 'restricted'
10 Dec 01:40:24 CONFIG [org.geoserver] - Loaded style 'raster'
10 Dec 01:40:24 CONFIG [org.geoserver] - Loaded style 'simple_streams'
10 Dec 01:40:24 CONFIG [org.geoserver] - Loaded style 'simple_roads'
10 Dec 01:40:24 CONFIG [org.geoserver] - Loaded style 'tiger_roads'
10 Dec 01:40:25 CONFIG [org.geoserver] - Loaded default workspace 'ne'
10 Dec 01:40:25 CONFIG [org.geoserver] - Loaded workspace 'nurc'
10 Dec 01:40:25 CONFIG [org.geoserver] - Loaded workspace 'ne'
10 Dec 01:40:25 CONFIG [org.geoserver] - Loaded style 'countries'
10 Dec 01:40:25 CONFIG [org.geoserver] - Loaded style 'boundary_lines'
10 Dec 01:40:25 CONFIG [org.geoserver] - Loaded style 'coastline'
10 Dec 01:40:25 CONFIG [org.geoserver] - Loaded style 'countries_mapcolor9'
10 Dec 01:40:25 CONFIG [org.geoserver] - Loaded style 'disputed'
10 Dec 01:40:25 CONFIG [org.geoserver] - Loaded style 'populated_places'
10 Dec 01:40:25 CONFIG [org.geoserver] - Loaded workspace 'it.geosolutions'
10 Dec 01:40:26 CONFIG [org.geoserver] - Loaded workspace 'cite'
10 Dec 01:40:26 CONFIG [org.geoserver] - Loaded workspace 'topp'
10 Dec 01:40:26 CONFIG [org.geoserver] - Loaded workspace 'sf'
10 Dec 01:40:26 CONFIG [org.geoserver] - Loaded workspace 'sde'
10 Dec 01:40:26 CONFIG [org.geoserver] - Loaded workspace 'tiger'
10 Dec 01:40:29 CONFIG [org.geoserver] - Loaded data store 'NaturalEarth', enabled
10 Dec 01:40:41 CONFIG [org.geoserver] - Loaded feature type 'boundary_lines', enabled
10 Dec 01:40:41 CONFIG [org.geoserver] - Loaded layer 'boundary_lines'
10 Dec 01:40:41 CONFIG [org.geoserver] - Loaded feature type 'coastlines', enabled
10 Dec 01:40:41 CONFIG [org.geoserver] - Loaded layer 'coastlines'
10 Dec 01:40:41 CONFIG [org.geoserver] - Loaded feature type 'countries', enabled
10 Dec 01:40:41 CONFIG [org.geoserver] - Loaded layer 'countries'
10 Dec 01:40:41 CONFIG [org.geoserver] - Loaded feature type 'disputed_areas', enabled
10 Dec 01:40:41 CONFIG [org.geoserver] - Loaded layer 'disputed_areas'
10 Dec 01:40:41 CONFIG [org.geoserver] - Loaded feature type 'populated_places', enabled
10 Dec 01:40:41 CONFIG [org.geoserver] - Loaded layer 'populated_places'
10 Dec 01:40:42 CONFIG [org.geoserver] - Loaded layer group 'world'
10 Dec 01:40:42 CONFIG [org.geoserver] - Loaded coverage store 'worldImageSample', enabled
10 Dec 01:40:43 CONFIG [org.geoserver] - Loaded coverage 'Img_Sample', enabled
10 Dec 01:40:43 CONFIG [org.geoserver] - Loaded layer 'Img_Sample'
10 Dec 01:40:43 CONFIG [org.geoserver] - Loaded coverage store 'img_sample2', enabled
10 Dec 01:40:45 CONFIG [org.geoserver] - Loaded coverage 'Pk50095', enabled
10 Dec 01:40:46 CONFIG [org.geoserver] - Loaded layer 'Pk50095'
10 Dec 01:40:46 CONFIG [org.geoserver] - Loaded coverage store 'arcGridSample', enabled
10 Dec 01:40:46 CONFIG [org.geoserver] - Loaded coverage 'Arc_Sample', enabled
10 Dec 01:40:46 CONFIG [org.geoserver] - Loaded layer 'Arc_Sample'
10 Dec 01:40:46 CONFIG [org.geoserver] - Loaded coverage store 'mosaic', enabled
10 Dec 01:40:46 CONFIG [org.geoserver] - Loaded coverage 'mosaic', enabled
10 Dec 01:40:46 CONFIG [org.geoserver] - Loaded layer 'mosaic'
10 Dec 01:40:47 CONFIG [org.geoserver] - Loaded data store 'sf', enabled
10 Dec 01:40:48 CONFIG [org.geoserver] - Loaded feature type 'roads', enabled
10 Dec 01:40:48 CONFIG [org.geoserver] - Loaded layer 'roads'
10 Dec 01:40:48 CONFIG [org.geoserver] - Loaded feature type 'restricted', enabled
10 Dec 01:40:48 CONFIG [org.geoserver] - Loaded layer 'restricted'
10 Dec 01:40:48 CONFIG [org.geoserver] - Loaded feature type 'archsites', enabled
10 Dec 01:40:48 CONFIG [org.geoserver] - Loaded layer 'archsites'
10 Dec 01:40:48 CONFIG [org.geoserver] - Loaded feature type 'bugsites', enabled
10 Dec 01:40:48 CONFIG [org.geoserver] - Loaded layer 'bugsites'
10 Dec 01:40:48 CONFIG [org.geoserver] - Loaded feature type 'streams', enabled
10 Dec 01:40:48 CONFIG [org.geoserver] - Loaded layer 'streams'
10 Dec 01:40:48 CONFIG [org.geoserver] - Loaded coverage store 'sfdem', enabled
10 Dec 01:40:48 CONFIG [org.geoserver] - Loaded coverage 'sfdem', enabled
10 Dec 01:40:48 CONFIG [org.geoserver] - Loaded layer 'sfdem'
10 Dec 01:40:49 CONFIG [org.geoserver] - Loaded data store 'nyc', enabled
10 Dec 01:40:49 CONFIG [org.geoserver] - Loaded feature type 'giant_polygon', enabled
10 Dec 01:40:49 CONFIG [org.geoserver] - Loaded layer 'giant_polygon'
10 Dec 01:40:49 CONFIG [org.geoserver] - Loaded feature type 'poi', enabled
10 Dec 01:40:49 CONFIG [org.geoserver] - Loaded layer 'poi'
10 Dec 01:40:49 CONFIG [org.geoserver] - Loaded feature type 'poly_landmarks', enabled
10 Dec 01:40:49 CONFIG [org.geoserver] - Loaded layer 'poly_landmarks'
10 Dec 01:40:49 CONFIG [org.geoserver] - Loaded feature type 'tiger_roads', enabled
10 Dec 01:40:49 CONFIG [org.geoserver] - Loaded layer 'tiger_roads'
10 Dec 01:40:50 CONFIG [org.geoserver] - Loaded data store 'states_shapefile', enabled
10 Dec 01:40:50 CONFIG [org.geoserver] - Loaded feature type 'states', enabled
10 Dec 01:40:50 CONFIG [org.geoserver] - Loaded layer 'states'
10 Dec 01:40:50 CONFIG [org.geoserver] - Loaded data store 'taz_shapes', enabled
10 Dec 01:40:51 CONFIG [org.geoserver] - Loaded feature type 'tasmania_roads', enabled
10 Dec 01:40:51 CONFIG [org.geoserver] - Loaded layer 'tasmania_roads'
10 Dec 01:40:51 CONFIG [org.geoserver] - Loaded feature type 'tasmania_state_boundaries', enabled
10 Dec 01:40:51 CONFIG [org.geoserver] - Loaded layer 'tasmania_state_boundaries'
10 Dec 01:40:51 CONFIG [org.geoserver] - Loaded feature type 'tasmania_water_bodies', enabled
10 Dec 01:40:51 CONFIG [org.geoserver] - Loaded layer 'tasmania_water_bodies'
10 Dec 01:40:51 CONFIG [org.geoserver] - Loaded feature type 'tasmania_cities', enabled
10 Dec 01:40:51 CONFIG [org.geoserver] - Loaded layer 'tasmania_cities'
10 Dec 01:40:51 CONFIG [org.geoserver] - Loaded layer group 'tiger-ny'
10 Dec 01:40:51 CONFIG [org.geoserver] - Loaded layer group 'tasmania'
10 Dec 01:40:51 CONFIG [org.geoserver] - Loaded layer group 'spearfish'
10 Dec 01:40:51 CONFIG [org.geoserver] - Read catalog in 28.15 s
10 Dec 01:40:56 CONFIG [org.geoserver] - Loaded service 'WMTSInfoImpl--3ef31051:182c1e8b194:-8000', enabled
10 Dec 01:40:56 CONFIG [org.geoserver] - Loaded service 'wms', enabled
10 Dec 01:40:56 CONFIG [org.geoserver] - Loaded service 'wcs', enabled
10 Dec 01:40:57 CONFIG [org.geoserver] - Loaded service 'wfs', enabled
10 Dec 01:40:57 CONFIG [org.geoserver] - Loaded service 'WMTSInfoImpl-1c443fee:182c0f3f209:-7f98', enabled
10 Dec 01:40:57 CONFIG [org.geoserver] - Loaded service 'WMSInfoImpl-1c443fee:182c0f3f209:-7f99', enabled
10 Dec 01:40:57 CONFIG [org.geoserver] - Loaded service 'WCSInfoImpl-1c443fee:182c0f3f209:-7f96', enabled
10 Dec 01:40:57 CONFIG [org.geoserver] - Loaded service 'WFSInfoImpl-1c443fee:182c0f3f209:-7f97', enabled
10 Dec 01:40:58 CONFIG [gwc.config] - Will look for 'geowebcache.xml' in directory '/opt/geoserver_data/gwc'.
10 Dec 01:40:59 CONFIG [gwc.config] - Create configuration file 'gwc/geowebcache.xml' from template jar:file:/usr/local/tomcat/webapps/geoserver/WEB-INF/lib/gwc-core-1.26.1.jar!/geowebcache_empty.xml
10 Dec 01:41:00 WARN   [config.XMLConfiguration] - GWC configuration validation error: cvc-elt.1.a: Cannot find the declaration of element 'gwcConfiguration'.
10 Dec 01:41:00 WARN   [config.XMLConfiguration] - Will try to use configuration anyway. Please check the order of declared elements against the schema.
10 Dec 01:41:00 CONFIG [config.XMLConfiguration] - Initializing GridSets from gwc
10 Dec 01:41:00 CONFIG [config.XMLConfiguration] - Initializing layers from gwc
10 Dec 01:41:01 CONFIG [gwc.layer] - Initializing GWC configuration based on GeoServer's Catalog
10 Dec 01:41:01 CONFIG [gwc.layer] - GeoServer TileLayer store base directory is: gwc-layers
10 Dec 01:41:01 CONFIG [gwc.layer] - Loading tile layers from gwc-layers
10 Dec 01:41:01 CONFIG [gwc.layer] - Loaded 0 tile layers in 40.65 ms
10 Dec 01:41:01 CONFIG [storage.BlobStoreAggregator] - BlobStoreConfiguration gwc contained no blob store infos.
10 Dec 01:41:01 CONFIG [storage.DefaultStorageFinder] - Found system environment variableGEOSERVER_DATA_DIR set to /opt/geoserver_data/, using it as the default prefix.
10 Dec 01:41:02 CONFIG [gwc.config] - Initializing GeoServer specific GWC configuration from gwc-gs.xml
10 Dec 01:41:06 CONFIG [platform.resource] - Notifying ENTRY_CREATE change on /opt/geoserver_data/gwc-layers. Created: 2, removed: 0, modified: 0
10 Dec 01:41:12 CONFIG [platform.resource] - Notifying ENTRY_MODIFY change on /opt/geoserver_data/gwc-layers. Created: 4, removed: 1, modified: 0
10 Dec 01:41:22 CONFIG [platform.resource] - Notifying ENTRY_MODIFY change on /opt/geoserver_data/gwc-layers. Created: 4, removed: 0, modified: 0
10 Dec 01:41:27 CONFIG [platform.resource] - Notifying ENTRY_MODIFY change on /opt/geoserver_data/gwc-layers. Created: 6, removed: 0, modified: 0
10 Dec 01:41:32 CONFIG [platform.resource] - Notifying ENTRY_MODIFY change on /opt/geoserver_data/gwc-layers. Created: 4, removed: 0, modified: 0
10 Dec 01:41:37 CONFIG [platform.resource] - Notifying ENTRY_MODIFY change on /opt/geoserver_data/gwc-layers. Created: 4, removed: 0, modified: 0
10 Dec 01:41:42 CONFIG [geowebcache.GeoWebCacheDispatcher] - Invoked setServletPrefix(gwc)
10 Dec 01:41:42 CONFIG [platform.resource] - Notifying ENTRY_MODIFY change on /opt/geoserver_data/gwc-layers. Created: 5, removed: 0, modified: 0
10 Dec 01:41:43 CONFIG [wms.WMSService] - Will NOT recombine tiles for non-tiling clients.
10 Dec 01:41:43 CONFIG [wms.WMSService] - Will proxy requests to backend that are not getmap or getcapabilities.
10 Dec 01:41:43 CONFIG [gwc.config] - Will look for 'geowebcache-diskquota.xml' in directory '/opt/geoserver_data/gwc'.
10 Dec 01:41:43 CONFIG [gwc.config] - Will look for 'geowebcache-diskquota-jdbc.xml' in directory '/opt/geoserver_data/gwc'.
10 Dec 01:41:43 CONFIG [diskquota.ConfigLoader] - DiskQuota configuration is not readable: gwc/geowebcache-diskquota.xml
10 Dec 01:41:43 CONFIG [diskquota.ConfigLoader] - DiskQuota configuration is not readable: gwc/geowebcache-diskquota.xml
10 Dec 01:41:58 WARN   [gce.imagemosaic] - Unable to set ordering between tiff readers spi
10 Dec 01:41:59 CONFIG [geoserver.security] - AuthenticationCache Initialized with 1000 Max Entries, 300 seconds idle time, 600 seconds time to live and 3 concurrency level
10 Dec 01:41:59 CONFIG [geoserver.security] - AuthenticationCache Eviction Task created to run every 600 seconds
10 Dec 01:42:02 CONFIG [diskquota.ConfigLoader] - DiskQuota configuration is not readable: gwc/geowebcache-diskquota.xml
10 Dec 01:42:02 CONFIG [diskquota.DiskQuotaMonitor] - Setting up disk quota periodic enforcement task
10 Dec 01:42:02 CONFIG [diskquota.DiskQuotaMonitor] - 0 layers configured with their own quotas. 
10 Dec 01:42:02 CONFIG [diskquota.DiskQuotaMonitor] - 28 layers attached to global quota 500.0 MB
10 Dec 01:42:02 CONFIG [diskquota.DiskQuotaMonitor] - Disk quota periodic enforcement task set up every 10 SECONDS
10 Dec 01:42:18 CONFIG [geoserver.security] - Start reloading user/groups for service named default
10 Dec 01:42:18 CONFIG [geoserver.security] - Reloading user/groups successful for service named default
10 Dec 01:50:01 CONFIG [geoserver.logging] - Log4j 2 configuration set to DEFAULT_LOGGING.xml
10 Dec 01:50:11 CONFIG [org.geoserver] - GeoServer configuration lock is enabled
10 Dec 01:50:11 CONFIG [org.geoserver] - Loading catalog /opt/geoserver_data
10 Dec 01:50:12 CONFIG [org.geoserver] - Loaded style 'burg'
10 Dec 01:50:12 CONFIG [org.geoserver] - Loaded style 'capitals'
10 Dec 01:50:12 CONFIG [org.geoserver] - Loaded style 'cite_lakes'
10 Dec 01:50:12 CONFIG [org.geoserver] - Loaded style 'dem'
10 Dec 01:50:12 CONFIG [org.geoserver] - Loaded style 'generic'
10 Dec 01:50:12 CONFIG [org.geoserver] - Loaded style 'giant_polygon'
10 Dec 01:50:12 CONFIG [org.geoserver] - Loaded style 'grass'
10 Dec 01:50:12 CONFIG [org.geoserver] - Loaded style 'green'
10 Dec 01:50:12 CONFIG [org.geoserver] - Loaded style 'poi'
10 Dec 01:50:12 CONFIG [org.geoserver] - Loaded style 'line'
10 Dec 01:50:12 CONFIG [org.geoserver] - Loaded style 'point'
10 Dec 01:50:12 CONFIG [org.geoserver] - Loaded style 'polygon'
10 Dec 01:50:12 CONFIG [org.geoserver] - Loaded style 'population'
10 Dec 01:50:12 CONFIG [org.geoserver] - Loaded style 'poly_landmarks'
10 Dec 01:50:12 CONFIG [org.geoserver] - Loaded style 'rain'
10 Dec 01:50:12 CONFIG [org.geoserver] - Loaded style 'pophatch'
10 Dec 01:50:12 CONFIG [org.geoserver] - Loaded style 'raster'
10 Dec 01:50:12 CONFIG [org.geoserver] - Loaded style 'simple_roads'
10 Dec 01:50:12 CONFIG [org.geoserver] - Loaded style 'simple_streams'
10 Dec 01:50:12 CONFIG [org.geoserver] - Loaded style 'restricted'
10 Dec 01:50:12 CONFIG [org.geoserver] - Loaded style 'tiger_roads'
10 Dec 01:50:12 CONFIG [org.geoserver] - Loaded default workspace 'ne'
10 Dec 01:50:12 CONFIG [org.geoserver] - Loaded workspace 'ne'
10 Dec 01:50:13 CONFIG [org.geoserver] - Loaded style 'countries_mapcolor9'
10 Dec 01:50:13 CONFIG [org.geoserver] - Loaded style 'boundary_lines'
10 Dec 01:50:13 CONFIG [org.geoserver] - Loaded style 'coastline'
10 Dec 01:50:13 CONFIG [org.geoserver] - Loaded style 'countries'
10 Dec 01:50:13 CONFIG [org.geoserver] - Loaded style 'disputed'
10 Dec 01:50:13 CONFIG [org.geoserver] - Loaded style 'populated_places'
10 Dec 01:50:13 CONFIG [org.geoserver] - Loaded workspace 'it.geosolutions'
10 Dec 01:50:13 CONFIG [org.geoserver] - Loaded workspace 'nurc'
10 Dec 01:50:13 CONFIG [org.geoserver] - Loaded workspace 'cite'
10 Dec 01:50:13 CONFIG [org.geoserver] - Loaded workspace 'sf'
10 Dec 01:50:13 CONFIG [org.geoserver] - Loaded workspace 'topp'
10 Dec 01:50:13 CONFIG [org.geoserver] - Loaded workspace 'tiger'
10 Dec 01:50:13 CONFIG [org.geoserver] - Loaded workspace 'sde'
10 Dec 01:50:14 CONFIG [org.geoserver] - Loaded data store 'NaturalEarth', enabled
10 Dec 01:50:21 CONFIG [org.geoserver] - Loaded feature type 'disputed_areas', enabled
10 Dec 01:50:22 CONFIG [org.geoserver] - Loaded layer 'disputed_areas'
10 Dec 01:50:22 CONFIG [org.geoserver] - Loaded feature type 'boundary_lines', enabled
10 Dec 01:50:22 CONFIG [org.geoserver] - Loaded layer 'boundary_lines'
10 Dec 01:50:22 CONFIG [org.geoserver] - Loaded feature type 'coastlines', enabled
10 Dec 01:50:22 CONFIG [org.geoserver] - Loaded layer 'coastlines'
10 Dec 01:50:22 CONFIG [org.geoserver] - Loaded feature type 'countries', enabled
10 Dec 01:50:22 CONFIG [org.geoserver] - Loaded layer 'countries'
10 Dec 01:50:22 CONFIG [org.geoserver] - Loaded feature type 'populated_places', enabled
10 Dec 01:50:22 CONFIG [org.geoserver] - Loaded layer 'populated_places'
10 Dec 01:50:22 CONFIG [org.geoserver] - Loaded layer group 'world'
10 Dec 01:50:22 CONFIG [org.geoserver] - Loaded coverage store 'mosaic', enabled
10 Dec 01:50:23 CONFIG [org.geoserver] - Loaded coverage 'mosaic', enabled
10 Dec 01:50:23 CONFIG [org.geoserver] - Loaded layer 'mosaic'
10 Dec 01:50:23 CONFIG [org.geoserver] - Loaded coverage store 'worldImageSample', enabled
10 Dec 01:50:23 CONFIG [org.geoserver] - Loaded coverage 'Img_Sample', enabled
10 Dec 01:50:23 CONFIG [org.geoserver] - Loaded layer 'Img_Sample'
10 Dec 01:50:23 CONFIG [org.geoserver] - Loaded coverage store 'img_sample2', enabled
10 Dec 01:50:24 CONFIG [org.geoserver] - Loaded coverage 'Pk50095', enabled
10 Dec 01:50:25 CONFIG [org.geoserver] - Loaded layer 'Pk50095'
10 Dec 01:50:25 CONFIG [org.geoserver] - Loaded coverage store 'arcGridSample', enabled
10 Dec 01:50:25 CONFIG [org.geoserver] - Loaded coverage 'Arc_Sample', enabled
10 Dec 01:50:25 CONFIG [org.geoserver] - Loaded layer 'Arc_Sample'
10 Dec 01:50:26 CONFIG [org.geoserver] - Loaded data store 'sf', enabled
10 Dec 01:50:26 CONFIG [org.geoserver] - Loaded feature type 'roads', enabled
10 Dec 01:50:26 CONFIG [org.geoserver] - Loaded layer 'roads'
10 Dec 01:50:26 CONFIG [org.geoserver] - Loaded feature type 'bugsites', enabled
10 Dec 01:50:26 CONFIG [org.geoserver] - Loaded layer 'bugsites'
10 Dec 01:50:26 CONFIG [org.geoserver] - Loaded feature type 'restricted', enabled
10 Dec 01:50:26 CONFIG [org.geoserver] - Loaded layer 'restricted'
10 Dec 01:50:26 CONFIG [org.geoserver] - Loaded feature type 'archsites', enabled
10 Dec 01:50:26 CONFIG [org.geoserver] - Loaded layer 'archsites'
10 Dec 01:50:26 CONFIG [org.geoserver] - Loaded feature type 'streams', enabled
10 Dec 01:50:26 CONFIG [org.geoserver] - Loaded layer 'streams'
10 Dec 01:50:26 CONFIG [org.geoserver] - Loaded coverage store 'sfdem', enabled
10 Dec 01:50:26 CONFIG [org.geoserver] - Loaded coverage 'sfdem', enabled
10 Dec 01:50:26 CONFIG [org.geoserver] - Loaded layer 'sfdem'
10 Dec 01:50:27 CONFIG [org.geoserver] - Loaded data store 'nyc', enabled
10 Dec 01:50:27 CONFIG [org.geoserver] - Loaded feature type 'poi', enabled
10 Dec 01:50:27 CONFIG [org.geoserver] - Loaded layer 'poi'
10 Dec 01:50:27 CONFIG [org.geoserver] - Loaded feature type 'tiger_roads', enabled
10 Dec 01:50:27 CONFIG [org.geoserver] - Loaded layer 'tiger_roads'
10 Dec 01:50:27 CONFIG [org.geoserver] - Loaded feature type 'giant_polygon', enabled
10 Dec 01:50:27 CONFIG [org.geoserver] - Loaded layer 'giant_polygon'
10 Dec 01:50:27 CONFIG [org.geoserver] - Loaded feature type 'poly_landmarks', enabled
10 Dec 01:50:27 CONFIG [org.geoserver] - Loaded layer 'poly_landmarks'
10 Dec 01:50:27 CONFIG [org.geoserver] - Loaded data store 'states_shapefile', enabled
10 Dec 01:50:28 CONFIG [org.geoserver] - Loaded feature type 'states', enabled
10 Dec 01:50:28 CONFIG [org.geoserver] - Loaded layer 'states'
10 Dec 01:50:28 CONFIG [org.geoserver] - Loaded data store 'taz_shapes', enabled
10 Dec 01:50:28 CONFIG [org.geoserver] - Loaded feature type 'tasmania_cities', enabled
10 Dec 01:50:28 CONFIG [org.geoserver] - Loaded layer 'tasmania_cities'
10 Dec 01:50:28 CONFIG [org.geoserver] - Loaded feature type 'tasmania_state_boundaries', enabled
10 Dec 01:50:28 CONFIG [org.geoserver] - Loaded layer 'tasmania_state_boundaries'
10 Dec 01:50:28 CONFIG [org.geoserver] - Loaded feature type 'tasmania_roads', enabled
10 Dec 01:50:28 CONFIG [org.geoserver] - Loaded layer 'tasmania_roads'
10 Dec 01:50:28 CONFIG [org.geoserver] - Loaded feature type 'tasmania_water_bodies', enabled
10 Dec 01:50:28 CONFIG [org.geoserver] - Loaded layer 'tasmania_water_bodies'
10 Dec 01:50:28 CONFIG [org.geoserver] - Loaded layer group 'spearfish'
10 Dec 01:50:28 CONFIG [org.geoserver] - Loaded layer group 'tasmania'
10 Dec 01:50:28 CONFIG [org.geoserver] - Loaded layer group 'tiger-ny'
10 Dec 01:50:28 CONFIG [org.geoserver] - Read catalog in 17.11 s
10 Dec 01:50:30 CONFIG [org.geoserver] - Loaded service 'WMTSInfoImpl--3ef31051:182c1e8b194:-8000', enabled
10 Dec 01:50:30 CONFIG [org.geoserver] - Loaded service 'wms', enabled
10 Dec 01:50:30 CONFIG [org.geoserver] - Loaded service 'wcs', enabled
10 Dec 01:50:30 CONFIG [org.geoserver] - Loaded service 'wfs', enabled
10 Dec 01:50:30 CONFIG [org.geoserver] - Loaded service 'WMTSInfoImpl-1c443fee:182c0f3f209:-7f98', enabled
10 Dec 01:50:30 CONFIG [org.geoserver] - Loaded service 'WMSInfoImpl-1c443fee:182c0f3f209:-7f99', enabled
10 Dec 01:50:30 CONFIG [org.geoserver] - Loaded service 'WCSInfoImpl-1c443fee:182c0f3f209:-7f96', enabled
10 Dec 01:50:30 CONFIG [org.geoserver] - Loaded service 'WFSInfoImpl-1c443fee:182c0f3f209:-7f97', enabled
10 Dec 01:50:31 CONFIG [gwc.config] - Will look for 'geowebcache.xml' in directory '/opt/geoserver_data/gwc'.
10 Dec 01:50:32 WARN   [config.XMLConfiguration] - GWC configuration validation error: cvc-elt.1.a: Cannot find the declaration of element 'gwcConfiguration'.
10 Dec 01:50:32 WARN   [config.XMLConfiguration] - Will try to use configuration anyway. Please check the order of declared elements against the schema.
10 Dec 01:50:33 CONFIG [config.XMLConfiguration] - Initializing GridSets from gwc
10 Dec 01:50:33 CONFIG [config.XMLConfiguration] - Initializing layers from gwc
10 Dec 01:50:33 CONFIG [gwc.layer] - Initializing GWC configuration based on GeoServer's Catalog
10 Dec 01:50:33 CONFIG [gwc.layer] - GeoServer TileLayer store base directory is: gwc-layers
10 Dec 01:50:33 CONFIG [gwc.layer] - Loading tile layers from gwc-layers
10 Dec 01:50:34 CONFIG [gwc.layer] - Loaded 28 tile layers in 677.1 ms
10 Dec 01:50:34 CONFIG [storage.BlobStoreAggregator] - BlobStoreConfiguration gwc contained no blob store infos.
10 Dec 01:50:34 CONFIG [storage.DefaultStorageFinder] - Found system environment variableGEOSERVER_DATA_DIR set to /opt/geoserver_data/, using it as the default prefix.
10 Dec 01:50:34 CONFIG [gwc.config] - Initializing GeoServer specific GWC configuration from gwc-gs.xml
10 Dec 01:50:34 CONFIG [geowebcache.GeoWebCacheDispatcher] - Invoked setServletPrefix(gwc)
10 Dec 01:50:35 CONFIG [wms.WMSService] - Will NOT recombine tiles for non-tiling clients.
10 Dec 01:50:35 CONFIG [wms.WMSService] - Will proxy requests to backend that are not getmap or getcapabilities.
10 Dec 01:50:35 CONFIG [gwc.config] - Will look for 'geowebcache-diskquota.xml' in directory '/opt/geoserver_data/gwc'.
10 Dec 01:50:35 CONFIG [gwc.config] - Will look for 'geowebcache-diskquota-jdbc.xml' in directory '/opt/geoserver_data/gwc'.
10 Dec 01:50:35 CONFIG [diskquota.ConfigLoader] - DiskQuota configuration is not readable: gwc/geowebcache-diskquota.xml
10 Dec 01:50:35 CONFIG [diskquota.ConfigLoader] - DiskQuota configuration is not readable: gwc/geowebcache-diskquota.xml
10 Dec 01:50:48 WARN   [gce.imagemosaic] - Unable to set ordering between tiff readers spi
10 Dec 01:50:49 CONFIG [geoserver.security] - AuthenticationCache Initialized with 1000 Max Entries, 300 seconds idle time, 600 seconds time to live and 3 concurrency level
10 Dec 01:50:49 CONFIG [geoserver.security] - AuthenticationCache Eviction Task created to run every 600 seconds
10 Dec 01:50:52 CONFIG [diskquota.ConfigLoader] - DiskQuota configuration is not readable: gwc/geowebcache-diskquota.xml
10 Dec 01:50:52 CONFIG [diskquota.DiskQuotaMonitor] - Setting up disk quota periodic enforcement task
10 Dec 01:50:52 CONFIG [diskquota.DiskQuotaMonitor] - 0 layers configured with their own quotas. 
10 Dec 01:50:52 CONFIG [diskquota.DiskQuotaMonitor] - 28 layers attached to global quota 500.0 MB
10 Dec 01:50:52 CONFIG [diskquota.DiskQuotaMonitor] - Disk quota periodic enforcement task set up every 10 SECONDS
10 Dec 01:50:55 CONFIG [geoserver.security] - Start reloading user/groups for service named default
10 Dec 01:50:55 CONFIG [geoserver.security] - Reloading user/groups successful for service named default
